<?xml version="1.0" encoding="UTF-8"?>
<!-- Generated by org.testng.reporters.JUnitReportReporter -->
<testsuite hostname="LAPTOP-IQ6C4OPO" failures="0" tests="3" name="testcases.pg.TestRunner" time="9.918" errors="0" timestamp="19 Sep 2024 10:53:52 GMT">
  <testcase classname="testcases.pg.TestRunner" name="handleDynamicElement" time="2.581"/>
  <testcase classname="testcases.pg.TestRunner" name="moveToForm" time="6.830"/>
  <testcase classname="testcases.pg.TestRunner" name="validateTile" time="0.507"/>
</testsuite> <!-- testcases.pg.TestRunner -->
